<?xml version="1.0" encoding="UTF-8"?>
<testsuite xmlns:xsi="http://www.w3.org/2001/XMLSchema-instance" xsi:noNamespaceSchemaLocation="https://maven.apache.org/surefire/maven-surefire-plugin/xsd/surefire-test-report.xsd" name="it.unipol.sample.mailservice.MailServiceApplicationTests" time="12.789" tests="1" errors="0" skipped="0" failures="0">
  <properties>
    <property name="sun.desktop" value="windows"/>
    <property name="awt.toolkit" value="sun.awt.windows.WToolkit"/>
    <property name="file.encoding.pkg" value="sun.io"/>
    <property name="java.specification.version" value="1.8"/>
    <property name="sun.cpu.isalist" value="amd64"/>
    <property name="sun.jnu.encoding" value="Cp1252"/>
    <property name="java.class.path" value="C:\Users\matte\IdeaProjects\mail-service-was-multi-module\mail-service-core\target\test-classes;C:\Users\matte\IdeaProjects\mail-service-was-multi-module\mail-service-core\target\classes;C:\Users\matte\.m2\repository\org\springframework\boot\spring-boot-starter-web\2.1.0.RC1\spring-boot-starter-web-2.1.0.RC1.jar;C:\Users\matte\.m2\repository\org\springframework\boot\spring-boot-starter\2.1.0.RC1\spring-boot-starter-2.1.0.RC1.jar;C:\Users\matte\.m2\repository\org\springframework\boot\spring-boot-starter-logging\2.1.0.RC1\spring-boot-starter-logging-2.1.0.RC1.jar;C:\Users\matte\.m2\repository\ch\qos\logback\logback-classic\1.2.3\logback-classic-1.2.3.jar;C:\Users\matte\.m2\repository\ch\qos\logback\logback-core\1.2.3\logback-core-1.2.3.jar;C:\Users\matte\.m2\repository\org\apache\logging\log4j\log4j-to-slf4j\2.11.1\log4j-to-slf4j-2.11.1.jar;C:\Users\matte\.m2\repository\org\apache\logging\log4j\log4j-api\2.11.1\log4j-api-2.11.1.jar;C:\Users\matte\.m2\repository\org\slf4j\jul-to-slf4j\1.7.25\jul-to-slf4j-1.7.25.jar;C:\Users\matte\.m2\repository\javax\annotation\javax.annotation-api\1.3.2\javax.annotation-api-1.3.2.jar;C:\Users\matte\.m2\repository\org\yaml\snakeyaml\1.23\snakeyaml-1.23.jar;C:\Users\matte\.m2\repository\org\springframework\boot\spring-boot-starter-json\2.1.0.RC1\spring-boot-starter-json-2.1.0.RC1.jar;C:\Users\matte\.m2\repository\com\fasterxml\jackson\datatype\jackson-datatype-jdk8\2.9.7\jackson-datatype-jdk8-2.9.7.jar;C:\Users\matte\.m2\repository\com\fasterxml\jackson\datatype\jackson-datatype-jsr310\2.9.7\jackson-datatype-jsr310-2.9.7.jar;C:\Users\matte\.m2\repository\com\fasterxml\jackson\module\jackson-module-parameter-names\2.9.7\jackson-module-parameter-names-2.9.7.jar;C:\Users\matte\.m2\repository\org\hibernate\validator\hibernate-validator\6.0.13.Final\hibernate-validator-6.0.13.Final.jar;C:\Users\matte\.m2\repository\javax\validation\validation-api\2.0.1.Final\validation-api-2.0.1.Final.jar;C:\Users\matte\.m2\repository\org\jboss\logging\jboss-logging\3.3.2.Final\jboss-logging-3.3.2.Final.jar;C:\Users\matte\.m2\repository\com\fasterxml\classmate\1.4.0\classmate-1.4.0.jar;C:\Users\matte\.m2\repository\org\springframework\spring-web\5.1.1.RELEASE\spring-web-5.1.1.RELEASE.jar;C:\Users\matte\.m2\repository\org\springframework\spring-webmvc\5.1.1.RELEASE\spring-webmvc-5.1.1.RELEASE.jar;C:\Users\matte\.m2\repository\org\springframework\spring-expression\5.1.1.RELEASE\spring-expression-5.1.1.RELEASE.jar;C:\Users\matte\.m2\repository\javax\servlet\javax.servlet-api\4.0.1\javax.servlet-api-4.0.1.jar;C:\Users\matte\.m2\repository\org\springframework\boot\spring-boot-starter-actuator\2.1.0.RC1\spring-boot-starter-actuator-2.1.0.RC1.jar;C:\Users\matte\.m2\repository\org\springframework\boot\spring-boot-actuator-autoconfigure\2.1.0.RC1\spring-boot-actuator-autoconfigure-2.1.0.RC1.jar;C:\Users\matte\.m2\repository\org\springframework\boot\spring-boot-actuator\2.1.0.RC1\spring-boot-actuator-2.1.0.RC1.jar;C:\Users\matte\.m2\repository\io\micrometer\micrometer-core\1.1.0-rc.1\micrometer-core-1.1.0-rc.1.jar;C:\Users\matte\.m2\repository\org\hdrhistogram\HdrHistogram\2.1.9\HdrHistogram-2.1.9.jar;C:\Users\matte\.m2\repository\org\latencyutils\LatencyUtils\2.0.3\LatencyUtils-2.0.3.jar;C:\Users\matte\.m2\repository\org\springframework\boot\spring-boot-starter-security\2.1.0.RC1\spring-boot-starter-security-2.1.0.RC1.jar;C:\Users\matte\.m2\repository\org\springframework\spring-aop\5.1.1.RELEASE\spring-aop-5.1.1.RELEASE.jar;C:\Users\matte\.m2\repository\org\springframework\security\spring-security-config\5.1.1.RELEASE\spring-security-config-5.1.1.RELEASE.jar;C:\Users\matte\.m2\repository\org\springframework\security\spring-security-web\5.1.1.RELEASE\spring-security-web-5.1.1.RELEASE.jar;C:\Users\matte\.m2\repository\org\springframework\cloud\spring-cloud-starter-config\2.1.0.M1\spring-cloud-starter-config-2.1.0.M1.jar;C:\Users\matte\.m2\repository\org\springframework\cloud\spring-cloud-starter\2.1.0.M1\spring-cloud-starter-2.1.0.M1.jar;C:\Users\matte\.m2\repository\org\springframework\cloud\spring-cloud-context\2.1.0.M1\spring-cloud-context-2.1.0.M1.jar;C:\Users\matte\.m2\repository\org\springframework\security\spring-security-crypto\5.1.1.RELEASE\spring-security-crypto-5.1.1.RELEASE.jar;C:\Users\matte\.m2\repository\org\springframework\cloud\spring-cloud-commons\2.1.0.M1\spring-cloud-commons-2.1.0.M1.jar;C:\Users\matte\.m2\repository\org\springframework\security\spring-security-rsa\1.0.7.RELEASE\spring-security-rsa-1.0.7.RELEASE.jar;C:\Users\matte\.m2\repository\org\springframework\cloud\spring-cloud-config-client\2.1.0.M1\spring-cloud-config-client-2.1.0.M1.jar;C:\Users\matte\.m2\repository\com\fasterxml\jackson\core\jackson-annotations\2.9.0\jackson-annotations-2.9.0.jar;C:\Users\matte\.m2\repository\com\fasterxml\jackson\core\jackson-databind\2.9.7\jackson-databind-2.9.7.jar;C:\Users\matte\.m2\repository\com\fasterxml\jackson\core\jackson-core\2.9.7\jackson-core-2.9.7.jar;C:\Users\matte\.m2\repository\org\mybatis\spring\boot\mybatis-spring-boot-starter\1.3.2\mybatis-spring-boot-starter-1.3.2.jar;C:\Users\matte\.m2\repository\org\springframework\boot\spring-boot-starter-jdbc\2.1.0.RC1\spring-boot-starter-jdbc-2.1.0.RC1.jar;C:\Users\matte\.m2\repository\com\zaxxer\HikariCP\3.2.0\HikariCP-3.2.0.jar;C:\Users\matte\.m2\repository\org\springframework\spring-jdbc\5.1.1.RELEASE\spring-jdbc-5.1.1.RELEASE.jar;C:\Users\matte\.m2\repository\org\mybatis\spring\boot\mybatis-spring-boot-autoconfigure\1.3.2\mybatis-spring-boot-autoconfigure-1.3.2.jar;C:\Users\matte\.m2\repository\org\mybatis\mybatis\3.4.6\mybatis-3.4.6.jar;C:\Users\matte\.m2\repository\org\mybatis\mybatis-spring\1.3.2\mybatis-spring-1.3.2.jar;C:\Users\matte\.m2\repository\org\springframework\boot\spring-boot-devtools\2.1.0.RC1\spring-boot-devtools-2.1.0.RC1.jar;C:\Users\matte\.m2\repository\org\springframework\boot\spring-boot\2.1.0.RC1\spring-boot-2.1.0.RC1.jar;C:\Users\matte\.m2\repository\org\springframework\boot\spring-boot-autoconfigure\2.1.0.RC1\spring-boot-autoconfigure-2.1.0.RC1.jar;C:\Users\matte\.m2\repository\com\h2database\h2\1.4.197\h2-1.4.197.jar;C:\Users\matte\.m2\repository\org\springframework\boot\spring-boot-starter-test\2.1.0.RC1\spring-boot-starter-test-2.1.0.RC1.jar;C:\Users\matte\.m2\repository\org\springframework\boot\spring-boot-test\2.1.0.RC1\spring-boot-test-2.1.0.RC1.jar;C:\Users\matte\.m2\repository\org\springframework\boot\spring-boot-test-autoconfigure\2.1.0.RC1\spring-boot-test-autoconfigure-2.1.0.RC1.jar;C:\Users\matte\.m2\repository\com\jayway\jsonpath\json-path\2.4.0\json-path-2.4.0.jar;C:\Users\matte\.m2\repository\net\minidev\json-smart\2.3\json-smart-2.3.jar;C:\Users\matte\.m2\repository\net\minidev\accessors-smart\1.2\accessors-smart-1.2.jar;C:\Users\matte\.m2\repository\org\ow2\asm\asm\5.0.4\asm-5.0.4.jar;C:\Users\matte\.m2\repository\junit\junit\4.12\junit-4.12.jar;C:\Users\matte\.m2\repository\org\assertj\assertj-core\3.11.1\assertj-core-3.11.1.jar;C:\Users\matte\.m2\repository\org\mockito\mockito-core\2.23.0\mockito-core-2.23.0.jar;C:\Users\matte\.m2\repository\net\bytebuddy\byte-buddy\1.9.1\byte-buddy-1.9.1.jar;C:\Users\matte\.m2\repository\net\bytebuddy\byte-buddy-agent\1.9.1\byte-buddy-agent-1.9.1.jar;C:\Users\matte\.m2\repository\org\objenesis\objenesis\2.6\objenesis-2.6.jar;C:\Users\matte\.m2\repository\org\hamcrest\hamcrest-core\1.3\hamcrest-core-1.3.jar;C:\Users\matte\.m2\repository\org\hamcrest\hamcrest-library\1.3\hamcrest-library-1.3.jar;C:\Users\matte\.m2\repository\org\skyscreamer\jsonassert\1.5.0\jsonassert-1.5.0.jar;C:\Users\matte\.m2\repository\com\vaadin\external\google\android-json\0.0.20131108.vaadin1\android-json-0.0.20131108.vaadin1.jar;C:\Users\matte\.m2\repository\org\springframework\spring-core\5.1.1.RELEASE\spring-core-5.1.1.RELEASE.jar;C:\Users\matte\.m2\repository\org\springframework\spring-jcl\5.1.1.RELEASE\spring-jcl-5.1.1.RELEASE.jar;C:\Users\matte\.m2\repository\org\springframework\spring-test\5.1.1.RELEASE\spring-test-5.1.1.RELEASE.jar;C:\Users\matte\.m2\repository\org\xmlunit\xmlunit-core\2.6.2\xmlunit-core-2.6.2.jar;C:\Users\matte\.m2\repository\org\springframework\security\spring-security-test\5.1.1.RELEASE\spring-security-test-5.1.1.RELEASE.jar;C:\Users\matte\.m2\repository\org\springframework\security\spring-security-core\5.1.1.RELEASE\spring-security-core-5.1.1.RELEASE.jar;C:\Users\matte\.m2\repository\org\springframework\boot\spring-boot-starter-data-ldap\2.1.0.RC1\spring-boot-starter-data-ldap-2.1.0.RC1.jar;C:\Users\matte\.m2\repository\org\springframework\data\spring-data-ldap\2.1.1.RELEASE\spring-data-ldap-2.1.1.RELEASE.jar;C:\Users\matte\.m2\repository\org\springframework\data\spring-data-commons\2.1.1.RELEASE\spring-data-commons-2.1.1.RELEASE.jar;C:\Users\matte\.m2\repository\org\springframework\ldap\spring-ldap-core\2.3.2.RELEASE\spring-ldap-core-2.3.2.RELEASE.jar;C:\Users\matte\.m2\repository\org\slf4j\slf4j-api\1.7.25\slf4j-api-1.7.25.jar;C:\Users\matte\.m2\repository\org\springframework\spring-beans\5.1.1.RELEASE\spring-beans-5.1.1.RELEASE.jar;C:\Users\matte\.m2\repository\org\springframework\spring-tx\5.1.1.RELEASE\spring-tx-5.1.1.RELEASE.jar;C:\Users\matte\.m2\repository\org\springframework\security\spring-security-ldap\5.1.1.RELEASE\spring-security-ldap-5.1.1.RELEASE.jar;C:\Users\matte\.m2\repository\org\springframework\spring-context\5.1.1.RELEASE\spring-context-5.1.1.RELEASE.jar;C:\Users\matte\.m2\repository\com\ibm\mq\mq-jms-spring-boot-starter\2.0.5\mq-jms-spring-boot-starter-2.0.5.jar;C:\Users\matte\.m2\repository\com\ibm\mq\com.ibm.mq.allclient\9.1.0.0\com.ibm.mq.allclient-9.1.0.0.jar;C:\Users\matte\.m2\repository\org\bouncycastle\bcprov-jdk15on\1.59\bcprov-jdk15on-1.59.jar;C:\Users\matte\.m2\repository\org\bouncycastle\bcpkix-jdk15on\1.59\bcpkix-jdk15on-1.59.jar;C:\Users\matte\.m2\repository\javax\jms\javax.jms-api\2.0.1\javax.jms-api-2.0.1.jar;C:\Users\matte\.m2\repository\org\springframework\spring-jms\5.1.1.RELEASE\spring-jms-5.1.1.RELEASE.jar;C:\Users\matte\.m2\repository\org\springframework\spring-messaging\5.1.1.RELEASE\spring-messaging-5.1.1.RELEASE.jar;C:\Users\matte\.m2\repository\org\springframework\boot\spring-boot-configuration-processor\2.1.0.RC1\spring-boot-configuration-processor-2.1.0.RC1.jar;"/>
    <property name="java.vm.vendor" value="Oracle Corporation"/>
    <property name="sun.arch.data.model" value="64"/>
    <property name="user.variant" value=""/>
    <property name="java.vendor.url" value="http://java.oracle.com/"/>
    <property name="user.timezone" value="Europe/Berlin"/>
    <property name="java.vm.specification.version" value="1.8"/>
    <property name="os.name" value="Windows 10"/>
    <property name="user.country" value="IT"/>
    <property name="sun.java.launcher" value="SUN_STANDARD"/>
    <property name="sun.boot.library.path" value="C:\Program Files\Java\jdk1.8.0_77\jre\bin"/>
    <property name="sun.java.command" value="C:\Users\matte\AppData\Local\Temp\surefire6716910328539093584\surefirebooter2086684636770940362.jar C:\Users\matte\AppData\Local\Temp\surefire6716910328539093584 2018-11-14T08-55-57_349-jvmRun1 surefire8759503990004645436tmp surefire_03290585268983097838tmp"/>
    <property name="surefire.test.class.path" value="C:\Users\matte\IdeaProjects\mail-service-was-multi-module\mail-service-core\target\test-classes;C:\Users\matte\IdeaProjects\mail-service-was-multi-module\mail-service-core\target\classes;C:\Users\matte\.m2\repository\org\springframework\boot\spring-boot-starter-web\2.1.0.RC1\spring-boot-starter-web-2.1.0.RC1.jar;C:\Users\matte\.m2\repository\org\springframework\boot\spring-boot-starter\2.1.0.RC1\spring-boot-starter-2.1.0.RC1.jar;C:\Users\matte\.m2\repository\org\springframework\boot\spring-boot-starter-logging\2.1.0.RC1\spring-boot-starter-logging-2.1.0.RC1.jar;C:\Users\matte\.m2\repository\ch\qos\logback\logback-classic\1.2.3\logback-classic-1.2.3.jar;C:\Users\matte\.m2\repository\ch\qos\logback\logback-core\1.2.3\logback-core-1.2.3.jar;C:\Users\matte\.m2\repository\org\apache\logging\log4j\log4j-to-slf4j\2.11.1\log4j-to-slf4j-2.11.1.jar;C:\Users\matte\.m2\repository\org\apache\logging\log4j\log4j-api\2.11.1\log4j-api-2.11.1.jar;C:\Users\matte\.m2\repository\org\slf4j\jul-to-slf4j\1.7.25\jul-to-slf4j-1.7.25.jar;C:\Users\matte\.m2\repository\javax\annotation\javax.annotation-api\1.3.2\javax.annotation-api-1.3.2.jar;C:\Users\matte\.m2\repository\org\yaml\snakeyaml\1.23\snakeyaml-1.23.jar;C:\Users\matte\.m2\repository\org\springframework\boot\spring-boot-starter-json\2.1.0.RC1\spring-boot-starter-json-2.1.0.RC1.jar;C:\Users\matte\.m2\repository\com\fasterxml\jackson\datatype\jackson-datatype-jdk8\2.9.7\jackson-datatype-jdk8-2.9.7.jar;C:\Users\matte\.m2\repository\com\fasterxml\jackson\datatype\jackson-datatype-jsr310\2.9.7\jackson-datatype-jsr310-2.9.7.jar;C:\Users\matte\.m2\repository\com\fasterxml\jackson\module\jackson-module-parameter-names\2.9.7\jackson-module-parameter-names-2.9.7.jar;C:\Users\matte\.m2\repository\org\hibernate\validator\hibernate-validator\6.0.13.Final\hibernate-validator-6.0.13.Final.jar;C:\Users\matte\.m2\repository\javax\validation\validation-api\2.0.1.Final\validation-api-2.0.1.Final.jar;C:\Users\matte\.m2\repository\org\jboss\logging\jboss-logging\3.3.2.Final\jboss-logging-3.3.2.Final.jar;C:\Users\matte\.m2\repository\com\fasterxml\classmate\1.4.0\classmate-1.4.0.jar;C:\Users\matte\.m2\repository\org\springframework\spring-web\5.1.1.RELEASE\spring-web-5.1.1.RELEASE.jar;C:\Users\matte\.m2\repository\org\springframework\spring-webmvc\5.1.1.RELEASE\spring-webmvc-5.1.1.RELEASE.jar;C:\Users\matte\.m2\repository\org\springframework\spring-expression\5.1.1.RELEASE\spring-expression-5.1.1.RELEASE.jar;C:\Users\matte\.m2\repository\javax\servlet\javax.servlet-api\4.0.1\javax.servlet-api-4.0.1.jar;C:\Users\matte\.m2\repository\org\springframework\boot\spring-boot-starter-actuator\2.1.0.RC1\spring-boot-starter-actuator-2.1.0.RC1.jar;C:\Users\matte\.m2\repository\org\springframework\boot\spring-boot-actuator-autoconfigure\2.1.0.RC1\spring-boot-actuator-autoconfigure-2.1.0.RC1.jar;C:\Users\matte\.m2\repository\org\springframework\boot\spring-boot-actuator\2.1.0.RC1\spring-boot-actuator-2.1.0.RC1.jar;C:\Users\matte\.m2\repository\io\micrometer\micrometer-core\1.1.0-rc.1\micrometer-core-1.1.0-rc.1.jar;C:\Users\matte\.m2\repository\org\hdrhistogram\HdrHistogram\2.1.9\HdrHistogram-2.1.9.jar;C:\Users\matte\.m2\repository\org\latencyutils\LatencyUtils\2.0.3\LatencyUtils-2.0.3.jar;C:\Users\matte\.m2\repository\org\springframework\boot\spring-boot-starter-security\2.1.0.RC1\spring-boot-starter-security-2.1.0.RC1.jar;C:\Users\matte\.m2\repository\org\springframework\spring-aop\5.1.1.RELEASE\spring-aop-5.1.1.RELEASE.jar;C:\Users\matte\.m2\repository\org\springframework\security\spring-security-config\5.1.1.RELEASE\spring-security-config-5.1.1.RELEASE.jar;C:\Users\matte\.m2\repository\org\springframework\security\spring-security-web\5.1.1.RELEASE\spring-security-web-5.1.1.RELEASE.jar;C:\Users\matte\.m2\repository\org\springframework\cloud\spring-cloud-starter-config\2.1.0.M1\spring-cloud-starter-config-2.1.0.M1.jar;C:\Users\matte\.m2\repository\org\springframework\cloud\spring-cloud-starter\2.1.0.M1\spring-cloud-starter-2.1.0.M1.jar;C:\Users\matte\.m2\repository\org\springframework\cloud\spring-cloud-context\2.1.0.M1\spring-cloud-context-2.1.0.M1.jar;C:\Users\matte\.m2\repository\org\springframework\security\spring-security-crypto\5.1.1.RELEASE\spring-security-crypto-5.1.1.RELEASE.jar;C:\Users\matte\.m2\repository\org\springframework\cloud\spring-cloud-commons\2.1.0.M1\spring-cloud-commons-2.1.0.M1.jar;C:\Users\matte\.m2\repository\org\springframework\security\spring-security-rsa\1.0.7.RELEASE\spring-security-rsa-1.0.7.RELEASE.jar;C:\Users\matte\.m2\repository\org\springframework\cloud\spring-cloud-config-client\2.1.0.M1\spring-cloud-config-client-2.1.0.M1.jar;C:\Users\matte\.m2\repository\com\fasterxml\jackson\core\jackson-annotations\2.9.0\jackson-annotations-2.9.0.jar;C:\Users\matte\.m2\repository\com\fasterxml\jackson\core\jackson-databind\2.9.7\jackson-databind-2.9.7.jar;C:\Users\matte\.m2\repository\com\fasterxml\jackson\core\jackson-core\2.9.7\jackson-core-2.9.7.jar;C:\Users\matte\.m2\repository\org\mybatis\spring\boot\mybatis-spring-boot-starter\1.3.2\mybatis-spring-boot-starter-1.3.2.jar;C:\Users\matte\.m2\repository\org\springframework\boot\spring-boot-starter-jdbc\2.1.0.RC1\spring-boot-starter-jdbc-2.1.0.RC1.jar;C:\Users\matte\.m2\repository\com\zaxxer\HikariCP\3.2.0\HikariCP-3.2.0.jar;C:\Users\matte\.m2\repository\org\springframework\spring-jdbc\5.1.1.RELEASE\spring-jdbc-5.1.1.RELEASE.jar;C:\Users\matte\.m2\repository\org\mybatis\spring\boot\mybatis-spring-boot-autoconfigure\1.3.2\mybatis-spring-boot-autoconfigure-1.3.2.jar;C:\Users\matte\.m2\repository\org\mybatis\mybatis\3.4.6\mybatis-3.4.6.jar;C:\Users\matte\.m2\repository\org\mybatis\mybatis-spring\1.3.2\mybatis-spring-1.3.2.jar;C:\Users\matte\.m2\repository\org\springframework\boot\spring-boot-devtools\2.1.0.RC1\spring-boot-devtools-2.1.0.RC1.jar;C:\Users\matte\.m2\repository\org\springframework\boot\spring-boot\2.1.0.RC1\spring-boot-2.1.0.RC1.jar;C:\Users\matte\.m2\repository\org\springframework\boot\spring-boot-autoconfigure\2.1.0.RC1\spring-boot-autoconfigure-2.1.0.RC1.jar;C:\Users\matte\.m2\repository\com\h2database\h2\1.4.197\h2-1.4.197.jar;C:\Users\matte\.m2\repository\org\springframework\boot\spring-boot-starter-test\2.1.0.RC1\spring-boot-starter-test-2.1.0.RC1.jar;C:\Users\matte\.m2\repository\org\springframework\boot\spring-boot-test\2.1.0.RC1\spring-boot-test-2.1.0.RC1.jar;C:\Users\matte\.m2\repository\org\springframework\boot\spring-boot-test-autoconfigure\2.1.0.RC1\spring-boot-test-autoconfigure-2.1.0.RC1.jar;C:\Users\matte\.m2\repository\com\jayway\jsonpath\json-path\2.4.0\json-path-2.4.0.jar;C:\Users\matte\.m2\repository\net\minidev\json-smart\2.3\json-smart-2.3.jar;C:\Users\matte\.m2\repository\net\minidev\accessors-smart\1.2\accessors-smart-1.2.jar;C:\Users\matte\.m2\repository\org\ow2\asm\asm\5.0.4\asm-5.0.4.jar;C:\Users\matte\.m2\repository\junit\junit\4.12\junit-4.12.jar;C:\Users\matte\.m2\repository\org\assertj\assertj-core\3.11.1\assertj-core-3.11.1.jar;C:\Users\matte\.m2\repository\org\mockito\mockito-core\2.23.0\mockito-core-2.23.0.jar;C:\Users\matte\.m2\repository\net\bytebuddy\byte-buddy\1.9.1\byte-buddy-1.9.1.jar;C:\Users\matte\.m2\repository\net\bytebuddy\byte-buddy-agent\1.9.1\byte-buddy-agent-1.9.1.jar;C:\Users\matte\.m2\repository\org\objenesis\objenesis\2.6\objenesis-2.6.jar;C:\Users\matte\.m2\repository\org\hamcrest\hamcrest-core\1.3\hamcrest-core-1.3.jar;C:\Users\matte\.m2\repository\org\hamcrest\hamcrest-library\1.3\hamcrest-library-1.3.jar;C:\Users\matte\.m2\repository\org\skyscreamer\jsonassert\1.5.0\jsonassert-1.5.0.jar;C:\Users\matte\.m2\repository\com\vaadin\external\google\android-json\0.0.20131108.vaadin1\android-json-0.0.20131108.vaadin1.jar;C:\Users\matte\.m2\repository\org\springframework\spring-core\5.1.1.RELEASE\spring-core-5.1.1.RELEASE.jar;C:\Users\matte\.m2\repository\org\springframework\spring-jcl\5.1.1.RELEASE\spring-jcl-5.1.1.RELEASE.jar;C:\Users\matte\.m2\repository\org\springframework\spring-test\5.1.1.RELEASE\spring-test-5.1.1.RELEASE.jar;C:\Users\matte\.m2\repository\org\xmlunit\xmlunit-core\2.6.2\xmlunit-core-2.6.2.jar;C:\Users\matte\.m2\repository\org\springframework\security\spring-security-test\5.1.1.RELEASE\spring-security-test-5.1.1.RELEASE.jar;C:\Users\matte\.m2\repository\org\springframework\security\spring-security-core\5.1.1.RELEASE\spring-security-core-5.1.1.RELEASE.jar;C:\Users\matte\.m2\repository\org\springframework\boot\spring-boot-starter-data-ldap\2.1.0.RC1\spring-boot-starter-data-ldap-2.1.0.RC1.jar;C:\Users\matte\.m2\repository\org\springframework\data\spring-data-ldap\2.1.1.RELEASE\spring-data-ldap-2.1.1.RELEASE.jar;C:\Users\matte\.m2\repository\org\springframework\data\spring-data-commons\2.1.1.RELEASE\spring-data-commons-2.1.1.RELEASE.jar;C:\Users\matte\.m2\repository\org\springframework\ldap\spring-ldap-core\2.3.2.RELEASE\spring-ldap-core-2.3.2.RELEASE.jar;C:\Users\matte\.m2\repository\org\slf4j\slf4j-api\1.7.25\slf4j-api-1.7.25.jar;C:\Users\matte\.m2\repository\org\springframework\spring-beans\5.1.1.RELEASE\spring-beans-5.1.1.RELEASE.jar;C:\Users\matte\.m2\repository\org\springframework\spring-tx\5.1.1.RELEASE\spring-tx-5.1.1.RELEASE.jar;C:\Users\matte\.m2\repository\org\springframework\security\spring-security-ldap\5.1.1.RELEASE\spring-security-ldap-5.1.1.RELEASE.jar;C:\Users\matte\.m2\repository\org\springframework\spring-context\5.1.1.RELEASE\spring-context-5.1.1.RELEASE.jar;C:\Users\matte\.m2\repository\com\ibm\mq\mq-jms-spring-boot-starter\2.0.5\mq-jms-spring-boot-starter-2.0.5.jar;C:\Users\matte\.m2\repository\com\ibm\mq\com.ibm.mq.allclient\9.1.0.0\com.ibm.mq.allclient-9.1.0.0.jar;C:\Users\matte\.m2\repository\org\bouncycastle\bcprov-jdk15on\1.59\bcprov-jdk15on-1.59.jar;C:\Users\matte\.m2\repository\org\bouncycastle\bcpkix-jdk15on\1.59\bcpkix-jdk15on-1.59.jar;C:\Users\matte\.m2\repository\javax\jms\javax.jms-api\2.0.1\javax.jms-api-2.0.1.jar;C:\Users\matte\.m2\repository\org\springframework\spring-jms\5.1.1.RELEASE\spring-jms-5.1.1.RELEASE.jar;C:\Users\matte\.m2\repository\org\springframework\spring-messaging\5.1.1.RELEASE\spring-messaging-5.1.1.RELEASE.jar;C:\Users\matte\.m2\repository\org\springframework\boot\spring-boot-configuration-processor\2.1.0.RC1\spring-boot-configuration-processor-2.1.0.RC1.jar;"/>
    <property name="sun.cpu.endian" value="little"/>
    <property name="user.home" value="C:\Users\matte"/>
    <property name="user.language" value="it"/>
    <property name="java.specification.vendor" value="Oracle Corporation"/>
    <property name="java.home" value="C:\Program Files\Java\jdk1.8.0_77\jre"/>
    <property name="basedir" value="C:\Users\matte\IdeaProjects\mail-service-was-multi-module\mail-service-core"/>
    <property name="file.separator" value="\"/>
    <property name="line.separator" value="&#10;"/>
    <property name="java.vm.specification.vendor" value="Oracle Corporation"/>
    <property name="java.specification.name" value="Java Platform API Specification"/>
    <property name="java.awt.graphicsenv" value="sun.awt.Win32GraphicsEnvironment"/>
    <property name="surefire.real.class.path" value="C:\Users\matte\AppData\Local\Temp\surefire6716910328539093584\surefirebooter2086684636770940362.jar"/>
    <property name="sun.boot.class.path" value="C:\Program Files\Java\jdk1.8.0_77\jre\lib\resources.jar;C:\Program Files\Java\jdk1.8.0_77\jre\lib\rt.jar;C:\Program Files\Java\jdk1.8.0_77\jre\lib\sunrsasign.jar;C:\Program Files\Java\jdk1.8.0_77\jre\lib\jsse.jar;C:\Program Files\Java\jdk1.8.0_77\jre\lib\jce.jar;C:\Program Files\Java\jdk1.8.0_77\jre\lib\charsets.jar;C:\Program Files\Java\jdk1.8.0_77\jre\lib\jfr.jar;C:\Program Files\Java\jdk1.8.0_77\jre\classes"/>
    <property name="user.script" value=""/>
    <property name="sun.management.compiler" value="HotSpot 64-Bit Tiered Compilers"/>
    <property name="java.runtime.version" value="1.8.0_77-b03"/>
    <property name="user.name" value="matteo"/>
    <property name="path.separator" value=";"/>
    <property name="os.version" value="10.0"/>
    <property name="java.endorsed.dirs" value="C:\Program Files\Java\jdk1.8.0_77\jre\lib\endorsed"/>
    <property name="java.runtime.name" value="Java(TM) SE Runtime Environment"/>
    <property name="file.encoding" value="Cp1252"/>
    <property name="java.vm.name" value="Java HotSpot(TM) 64-Bit Server VM"/>
    <property name="localRepository" value="C:\Users\matte\.m2\repository"/>
    <property name="java.vendor.url.bug" value="http://bugreport.sun.com/bugreport/"/>
    <property name="java.io.tmpdir" value="C:\Users\matte\AppData\Local\Temp\"/>
    <property name="java.version" value="1.8.0_77"/>
    <property name="user.dir" value="C:\Users\matte\IdeaProjects\mail-service-was-multi-module\mail-service-core"/>
    <property name="os.arch" value="amd64"/>
    <property name="java.vm.specification.name" value="Java Virtual Machine Specification"/>
    <property name="java.awt.printerjob" value="sun.awt.windows.WPrinterJob"/>
    <property name="sun.os.patch.level" value=""/>
    <property name="java.library.path" value="C:\Program Files\Java\jdk1.8.0_77\jre\bin;C:\WINDOWS\Sun\Java\bin;C:\WINDOWS\system32;C:\WINDOWS;C:\ProgramData\Oracle\Java\javapath;C:\Windows\system32;C:\Windows;C:\Windows\System32\Wbem;C:\Windows\System32\WindowsPowerShell\v1.0\;C:\Program Files\Java\jdk1.8.0_77\bin;C:\Program Files\TortoiseSVN\bin;C:\Program Files\MongoDB\Server\3.2\bin;C:\Program Files\apache-maven-3.3.9\bin;C:\protobuf;C:\Program Files (x86)\NVIDIA Corporation\PhysX\Common;C:\WINDOWS\system32;C:\WINDOWS;C:\WINDOWS\System32\Wbem;C:\WINDOWS\System32\WindowsPowerShell\v1.0\;C:\Program Files\Git\cmd;C:\Program Files\MiKTeX 2.9\miktex\bin\x64\;C:\Program Files (x86)\Skype\Phone\;C:\Program Files\nodejs\;C:\Users\matte\AppData\Roaming\npm;C:\Users\matte\AppData\Local\Yarn\bin;C:\Program Files\PuTTY\;C:\WINDOWS\System32\OpenSSH\;C:\Ruby23-x64\bin;C:\Users\matte\AppData\Local\Microsoft\WindowsApps;C:\Users\matte\AppData\Roaming\npm;C:\Program Files (x86)\Microsoft VS Code\bin;C:\Users\matte\AppData\Local\atom\bin;%USERPROFILE%\AppData\Local\Microsoft\WindowsApps;;."/>
    <property name="java.vm.info" value="mixed mode"/>
    <property name="java.vendor" value="Oracle Corporation"/>
    <property name="java.vm.version" value="25.77-b03"/>
    <property name="java.ext.dirs" value="C:\Program Files\Java\jdk1.8.0_77\jre\lib\ext;C:\WINDOWS\Sun\Java\lib\ext"/>
    <property name="sun.io.unicode.encoding" value="UnicodeLittle"/>
    <property name="java.class.version" value="52.0"/>
  </properties>
  <testcase name="contextLoads" classname="it.unipol.sample.mailservice.MailServiceApplicationTests" time="0.184"/>
</testsuite>